ERROR - 2025-12-29 04:35:08 --> mysqli_sql_exception: Table 'orbiz_hive.expenses' doesn't exist in C:\wamp64\www\Orbiz_Hive\system\Database\MySQLi\Connection.php:327
Stack trace:
#0 C:\wamp64\www\Orbiz_Hive\system\Database\MySQLi\Connection.php(327): mysqli->query('SELECT SUM(`amo...', 0)
#1 C:\wamp64\www\Orbiz_Hive\system\Database\BaseConnection.php(738): CodeIgniter\Database\MySQLi\Connection->execute('SELECT SUM(`amo...')
#2 C:\wamp64\www\Orbiz_Hive\system\Database\BaseConnection.php(652): CodeIgniter\Database\BaseConnection->simpleQuery('SELECT SUM(`amo...')
#3 C:\wamp64\www\Orbiz_Hive\system\Database\BaseBuilder.php(1649): CodeIgniter\Database\BaseConnection->query('SELECT SUM(`amo...', Array, false)
#4 C:\wamp64\www\Orbiz_Hive\system\Model.php(330): CodeIgniter\Database\BaseBuilder->get()
#5 C:\wamp64\www\Orbiz_Hive\system\BaseModel.php(717): CodeIgniter\Model->doFirst()
#6 C:\wamp64\www\Orbiz_Hive\app\Controllers\Dashboard.php(103): CodeIgniter\BaseModel->first()
#7 C:\wamp64\www\Orbiz_Hive\system\CodeIgniter.php(933): App\Controllers\Dashboard->getMonthlyExpenseTotal()
#8 C:\wamp64\www\Orbiz_Hive\system\CodeIgniter.php(507): CodeIgniter\CodeIgniter->runController(Object(App\Controllers\Dashboard))
#9 C:\wamp64\www\Orbiz_Hive\system\CodeIgniter.php(354): CodeIgniter\CodeIgniter->handleRequest(NULL, Object(Config\Cache), false)
#10 C:\wamp64\www\Orbiz_Hive\system\Boot.php(334): CodeIgniter\CodeIgniter->run()
#11 C:\wamp64\www\Orbiz_Hive\system\Boot.php(67): CodeIgniter\Boot::runCodeIgniter(Object(CodeIgniter\CodeIgniter))
#12 C:\wamp64\www\Orbiz_Hive\index.php(59): CodeIgniter\Boot::bootWeb(Object(Config\Paths))
#13 {main}
CRITICAL - 2025-12-29 04:35:08 --> CodeIgniter\Database\Exceptions\DatabaseException: Table 'orbiz_hive.expenses' doesn't exist
[Method: POST, Route: dashboard/getMonthlyExpenseTotal]
in SYSTEMPATH\Database\BaseConnection.php on line 692.
 1 SYSTEMPATH\Database\BaseBuilder.php(1649): CodeIgniter\Database\BaseConnection->query('SELECT SUM(`amount`) AS `amount`
FROM `expenses`
WHERE `date` >= :date:
AND `date` <= :date.1:
 LIMIT 1', [...], false)
 2 SYSTEMPATH\Model.php(330): CodeIgniter\Database\BaseBuilder->get()
 3 SYSTEMPATH\BaseModel.php(717): CodeIgniter\Model->doFirst()
 4 APPPATH\Controllers\Dashboard.php(103): CodeIgniter\BaseModel->first()
 5 SYSTEMPATH\CodeIgniter.php(933): App\Controllers\Dashboard->getMonthlyExpenseTotal()
 6 SYSTEMPATH\CodeIgniter.php(507): CodeIgniter\CodeIgniter->runController(Object(App\Controllers\Dashboard))
 7 SYSTEMPATH\CodeIgniter.php(354): CodeIgniter\CodeIgniter->handleRequest(null, Object(Config\Cache), false)
 8 SYSTEMPATH\Boot.php(334): CodeIgniter\CodeIgniter->run()
 9 SYSTEMPATH\Boot.php(67): CodeIgniter\Boot::runCodeIgniter(Object(CodeIgniter\CodeIgniter))
10 FCPATH\index.php(59): CodeIgniter\Boot::bootWeb(Object(Config\Paths))
CRITICAL - 2025-12-29 04:35:08 --> [Caused by] CodeIgniter\Database\Exceptions\DatabaseException: Table 'orbiz_hive.expenses' doesn't exist
in SYSTEMPATH\Database\MySQLi\Connection.php on line 332.
 1 SYSTEMPATH\Database\BaseConnection.php(738): CodeIgniter\Database\MySQLi\Connection->execute('SELECT SUM(`amount`) AS `amount`
FROM `expenses`
WHERE `date` >= \'2025-12-01\'
AND `date` <= \'2025-12-31\'
 LIMIT 1')
 2 SYSTEMPATH\Database\BaseConnection.php(652): CodeIgniter\Database\BaseConnection->simpleQuery('SELECT SUM(`amount`) AS `amount`
FROM `expenses`
WHERE `date` >= \'2025-12-01\'
AND `date` <= \'2025-12-31\'
 LIMIT 1')
 3 SYSTEMPATH\Database\BaseBuilder.php(1649): CodeIgniter\Database\BaseConnection->query('SELECT SUM(`amount`) AS `amount`
FROM `expenses`
WHERE `date` >= :date:
AND `date` <= :date.1:
 LIMIT 1', [...], false)
 4 SYSTEMPATH\Model.php(330): CodeIgniter\Database\BaseBuilder->get()
 5 SYSTEMPATH\BaseModel.php(717): CodeIgniter\Model->doFirst()
 6 APPPATH\Controllers\Dashboard.php(103): CodeIgniter\BaseModel->first()
 7 SYSTEMPATH\CodeIgniter.php(933): App\Controllers\Dashboard->getMonthlyExpenseTotal()
 8 SYSTEMPATH\CodeIgniter.php(507): CodeIgniter\CodeIgniter->runController(Object(App\Controllers\Dashboard))
 9 SYSTEMPATH\CodeIgniter.php(354): CodeIgniter\CodeIgniter->handleRequest(null, Object(Config\Cache), false)
10 SYSTEMPATH\Boot.php(334): CodeIgniter\CodeIgniter->run()
11 SYSTEMPATH\Boot.php(67): CodeIgniter\Boot::runCodeIgniter(Object(CodeIgniter\CodeIgniter))
12 FCPATH\index.php(59): CodeIgniter\Boot::bootWeb(Object(Config\Paths))
CRITICAL - 2025-12-29 04:35:08 --> [Caused by] mysqli_sql_exception: Table 'orbiz_hive.expenses' doesn't exist
in SYSTEMPATH\Database\MySQLi\Connection.php on line 327.
 1 SYSTEMPATH\Database\MySQLi\Connection.php(327): mysqli->query('SELECT SUM(`amount`) AS `amount`
FROM `expenses`
WHERE `date` >= \'2025-12-01\'
AND `date` <= \'2025-12-31\'
 LIMIT 1', 0)
 2 SYSTEMPATH\Database\BaseConnection.php(738): CodeIgniter\Database\MySQLi\Connection->execute('SELECT SUM(`amount`) AS `amount`
FROM `expenses`
WHERE `date` >= \'2025-12-01\'
AND `date` <= \'2025-12-31\'
 LIMIT 1')
 3 SYSTEMPATH\Database\BaseConnection.php(652): CodeIgniter\Database\BaseConnection->simpleQuery('SELECT SUM(`amount`) AS `amount`
FROM `expenses`
WHERE `date` >= \'2025-12-01\'
AND `date` <= \'2025-12-31\'
 LIMIT 1')
 4 SYSTEMPATH\Database\BaseBuilder.php(1649): CodeIgniter\Database\BaseConnection->query('SELECT SUM(`amount`) AS `amount`
FROM `expenses`
WHERE `date` >= :date:
AND `date` <= :date.1:
 LIMIT 1', [...], false)
 5 SYSTEMPATH\Model.php(330): CodeIgniter\Database\BaseBuilder->get()
 6 SYSTEMPATH\BaseModel.php(717): CodeIgniter\Model->doFirst()
 7 APPPATH\Controllers\Dashboard.php(103): CodeIgniter\BaseModel->first()
 8 SYSTEMPATH\CodeIgniter.php(933): App\Controllers\Dashboard->getMonthlyExpenseTotal()
 9 SYSTEMPATH\CodeIgniter.php(507): CodeIgniter\CodeIgniter->runController(Object(App\Controllers\Dashboard))
10 SYSTEMPATH\CodeIgniter.php(354): CodeIgniter\CodeIgniter->handleRequest(null, Object(Config\Cache), false)
11 SYSTEMPATH\Boot.php(334): CodeIgniter\CodeIgniter->run()
12 SYSTEMPATH\Boot.php(67): CodeIgniter\Boot::runCodeIgniter(Object(CodeIgniter\CodeIgniter))
13 FCPATH\index.php(59): CodeIgniter\Boot::bootWeb(Object(Config\Paths))
ERROR - 2025-12-29 04:35:08 --> mysqli_sql_exception: Table 'orbiz_hive.expenses' doesn't exist in C:\wamp64\www\Orbiz_Hive\system\Database\MySQLi\Connection.php:327
Stack trace:
#0 C:\wamp64\www\Orbiz_Hive\system\Database\MySQLi\Connection.php(327): mysqli->query('SELECT SUM(`amo...', 0)
#1 C:\wamp64\www\Orbiz_Hive\system\Database\BaseConnection.php(738): CodeIgniter\Database\MySQLi\Connection->execute('SELECT SUM(`amo...')
#2 C:\wamp64\www\Orbiz_Hive\system\Database\BaseConnection.php(652): CodeIgniter\Database\BaseConnection->simpleQuery('SELECT SUM(`amo...')
#3 C:\wamp64\www\Orbiz_Hive\system\Database\BaseBuilder.php(1649): CodeIgniter\Database\BaseConnection->query('SELECT SUM(`amo...', Array, false)
#4 C:\wamp64\www\Orbiz_Hive\system\Model.php(330): CodeIgniter\Database\BaseBuilder->get()
#5 C:\wamp64\www\Orbiz_Hive\system\BaseModel.php(717): CodeIgniter\Model->doFirst()
#6 C:\wamp64\www\Orbiz_Hive\app\Controllers\Dashboard.php(85): CodeIgniter\BaseModel->first()
#7 C:\wamp64\www\Orbiz_Hive\system\CodeIgniter.php(933): App\Controllers\Dashboard->getTodayExpenseTotal()
#8 C:\wamp64\www\Orbiz_Hive\system\CodeIgniter.php(507): CodeIgniter\CodeIgniter->runController(Object(App\Controllers\Dashboard))
#9 C:\wamp64\www\Orbiz_Hive\system\CodeIgniter.php(354): CodeIgniter\CodeIgniter->handleRequest(NULL, Object(Config\Cache), false)
#10 C:\wamp64\www\Orbiz_Hive\system\Boot.php(334): CodeIgniter\CodeIgniter->run()
#11 C:\wamp64\www\Orbiz_Hive\system\Boot.php(67): CodeIgniter\Boot::runCodeIgniter(Object(CodeIgniter\CodeIgniter))
#12 C:\wamp64\www\Orbiz_Hive\index.php(59): CodeIgniter\Boot::bootWeb(Object(Config\Paths))
#13 {main}
CRITICAL - 2025-12-29 04:35:08 --> CodeIgniter\Database\Exceptions\DatabaseException: Table 'orbiz_hive.expenses' doesn't exist
[Method: POST, Route: dashboard/getTodayExpenseTotal]
in SYSTEMPATH\Database\BaseConnection.php on line 692.
 1 SYSTEMPATH\Database\BaseBuilder.php(1649): CodeIgniter\Database\BaseConnection->query('SELECT SUM(`amount`) AS `amount`
FROM `expenses`
WHERE `date` = :date:
 LIMIT 1', [...], false)
 2 SYSTEMPATH\Model.php(330): CodeIgniter\Database\BaseBuilder->get()
 3 SYSTEMPATH\BaseModel.php(717): CodeIgniter\Model->doFirst()
 4 APPPATH\Controllers\Dashboard.php(85): CodeIgniter\BaseModel->first()
 5 SYSTEMPATH\CodeIgniter.php(933): App\Controllers\Dashboard->getTodayExpenseTotal()
 6 SYSTEMPATH\CodeIgniter.php(507): CodeIgniter\CodeIgniter->runController(Object(App\Controllers\Dashboard))
 7 SYSTEMPATH\CodeIgniter.php(354): CodeIgniter\CodeIgniter->handleRequest(null, Object(Config\Cache), false)
 8 SYSTEMPATH\Boot.php(334): CodeIgniter\CodeIgniter->run()
 9 SYSTEMPATH\Boot.php(67): CodeIgniter\Boot::runCodeIgniter(Object(CodeIgniter\CodeIgniter))
10 FCPATH\index.php(59): CodeIgniter\Boot::bootWeb(Object(Config\Paths))
CRITICAL - 2025-12-29 04:35:08 --> [Caused by] CodeIgniter\Database\Exceptions\DatabaseException: Table 'orbiz_hive.expenses' doesn't exist
in SYSTEMPATH\Database\MySQLi\Connection.php on line 332.
 1 SYSTEMPATH\Database\BaseConnection.php(738): CodeIgniter\Database\MySQLi\Connection->execute('SELECT SUM(`amount`) AS `amount`
FROM `expenses`
WHERE `date` = \'2025-12-29\'
 LIMIT 1')
 2 SYSTEMPATH\Database\BaseConnection.php(652): CodeIgniter\Database\BaseConnection->simpleQuery('SELECT SUM(`amount`) AS `amount`
FROM `expenses`
WHERE `date` = \'2025-12-29\'
 LIMIT 1')
 3 SYSTEMPATH\Database\BaseBuilder.php(1649): CodeIgniter\Database\BaseConnection->query('SELECT SUM(`amount`) AS `amount`
FROM `expenses`
WHERE `date` = :date:
 LIMIT 1', [...], false)
 4 SYSTEMPATH\Model.php(330): CodeIgniter\Database\BaseBuilder->get()
 5 SYSTEMPATH\BaseModel.php(717): CodeIgniter\Model->doFirst()
 6 APPPATH\Controllers\Dashboard.php(85): CodeIgniter\BaseModel->first()
 7 SYSTEMPATH\CodeIgniter.php(933): App\Controllers\Dashboard->getTodayExpenseTotal()
 8 SYSTEMPATH\CodeIgniter.php(507): CodeIgniter\CodeIgniter->runController(Object(App\Controllers\Dashboard))
 9 SYSTEMPATH\CodeIgniter.php(354): CodeIgniter\CodeIgniter->handleRequest(null, Object(Config\Cache), false)
10 SYSTEMPATH\Boot.php(334): CodeIgniter\CodeIgniter->run()
11 SYSTEMPATH\Boot.php(67): CodeIgniter\Boot::runCodeIgniter(Object(CodeIgniter\CodeIgniter))
12 FCPATH\index.php(59): CodeIgniter\Boot::bootWeb(Object(Config\Paths))
CRITICAL - 2025-12-29 04:35:08 --> [Caused by] mysqli_sql_exception: Table 'orbiz_hive.expenses' doesn't exist
in SYSTEMPATH\Database\MySQLi\Connection.php on line 327.
 1 SYSTEMPATH\Database\MySQLi\Connection.php(327): mysqli->query('SELECT SUM(`amount`) AS `amount`
FROM `expenses`
WHERE `date` = \'2025-12-29\'
 LIMIT 1', 0)
 2 SYSTEMPATH\Database\BaseConnection.php(738): CodeIgniter\Database\MySQLi\Connection->execute('SELECT SUM(`amount`) AS `amount`
FROM `expenses`
WHERE `date` = \'2025-12-29\'
 LIMIT 1')
 3 SYSTEMPATH\Database\BaseConnection.php(652): CodeIgniter\Database\BaseConnection->simpleQuery('SELECT SUM(`amount`) AS `amount`
FROM `expenses`
WHERE `date` = \'2025-12-29\'
 LIMIT 1')
 4 SYSTEMPATH\Database\BaseBuilder.php(1649): CodeIgniter\Database\BaseConnection->query('SELECT SUM(`amount`) AS `amount`
FROM `expenses`
WHERE `date` = :date:
 LIMIT 1', [...], false)
 5 SYSTEMPATH\Model.php(330): CodeIgniter\Database\BaseBuilder->get()
 6 SYSTEMPATH\BaseModel.php(717): CodeIgniter\Model->doFirst()
 7 APPPATH\Controllers\Dashboard.php(85): CodeIgniter\BaseModel->first()
 8 SYSTEMPATH\CodeIgniter.php(933): App\Controllers\Dashboard->getTodayExpenseTotal()
 9 SYSTEMPATH\CodeIgniter.php(507): CodeIgniter\CodeIgniter->runController(Object(App\Controllers\Dashboard))
10 SYSTEMPATH\CodeIgniter.php(354): CodeIgniter\CodeIgniter->handleRequest(null, Object(Config\Cache), false)
11 SYSTEMPATH\Boot.php(334): CodeIgniter\CodeIgniter->run()
12 SYSTEMPATH\Boot.php(67): CodeIgniter\Boot::runCodeIgniter(Object(CodeIgniter\CodeIgniter))
13 FCPATH\index.php(59): CodeIgniter\Boot::bootWeb(Object(Config\Paths))
