ERROR - 2025-10-09 03:35:20 --> Error connecting to the database: mysqli_sql_exception: Access denied for user ''@'localhost' (using password: NO) in C:\xampp\htdocs\Orbiz_Hive\system\Database\MySQLi\Connection.php:201
Stack trace:
#0 C:\xampp\htdocs\Orbiz_Hive\system\Database\MySQLi\Connection.php(201): mysqli->real_connect('localhost', '', Object(SensitiveParameterValue), '', 3306, '', 0)
#1 C:\xampp\htdocs\Orbiz_Hive\system\Database\BaseConnection.php(419): CodeIgniter\Database\MySQLi\Connection->connect(false)
#2 C:\xampp\htdocs\Orbiz_Hive\system\Database\BaseConnection.php(614): CodeIgniter\Database\BaseConnection->initialize()
#3 C:\xampp\htdocs\Orbiz_Hive\app\Models\admin\RolesModel.php(14): CodeIgniter\Database\BaseConnection->query('SELECT * FROM r...')
#4 C:\xampp\htdocs\Orbiz_Hive\app\Controllers\admin\Roles.php(39): App\Models\Admin\RolesModel->getAllRoles()
#5 C:\xampp\htdocs\Orbiz_Hive\system\CodeIgniter.php(933): App\Controllers\admin\Roles->index()
#6 C:\xampp\htdocs\Orbiz_Hive\system\CodeIgniter.php(507): CodeIgniter\CodeIgniter->runController(Object(App\Controllers\admin\Roles))
#7 C:\xampp\htdocs\Orbiz_Hive\system\CodeIgniter.php(354): CodeIgniter\CodeIgniter->handleRequest(NULL, Object(Config\Cache), false)
#8 C:\xampp\htdocs\Orbiz_Hive\system\Boot.php(363): CodeIgniter\CodeIgniter->run()
#9 C:\xampp\htdocs\Orbiz_Hive\system\Boot.php(68): CodeIgniter\Boot::runCodeIgniter(Object(CodeIgniter\CodeIgniter))
#10 C:\xampp\htdocs\Orbiz_Hive\index.php(59): CodeIgniter\Boot::bootWeb(Object(Config\Paths))
#11 {main}

Next CodeIgniter\Database\Exceptions\DatabaseException: Access denied for user ''@'localhost' (using password: NO) in C:\xampp\htdocs\Orbiz_Hive\system\Database\MySQLi\Connection.php:246
Stack trace:
#0 C:\xampp\htdocs\Orbiz_Hive\system\Database\BaseConnection.php(419): CodeIgniter\Database\MySQLi\Connection->connect(false)
#1 C:\xampp\htdocs\Orbiz_Hive\system\Database\BaseConnection.php(614): CodeIgniter\Database\BaseConnection->initialize()
#2 C:\xampp\htdocs\Orbiz_Hive\app\Models\admin\RolesModel.php(14): CodeIgniter\Database\BaseConnection->query('SELECT * FROM r...')
#3 C:\xampp\htdocs\Orbiz_Hive\app\Controllers\admin\Roles.php(39): App\Models\Admin\RolesModel->getAllRoles()
#4 C:\xampp\htdocs\Orbiz_Hive\system\CodeIgniter.php(933): App\Controllers\admin\Roles->index()
#5 C:\xampp\htdocs\Orbiz_Hive\system\CodeIgniter.php(507): CodeIgniter\CodeIgniter->runController(Object(App\Controllers\admin\Roles))
#6 C:\xampp\htdocs\Orbiz_Hive\system\CodeIgniter.php(354): CodeIgniter\CodeIgniter->handleRequest(NULL, Object(Config\Cache), false)
#7 C:\xampp\htdocs\Orbiz_Hive\system\Boot.php(363): CodeIgniter\CodeIgniter->run()
#8 C:\xampp\htdocs\Orbiz_Hive\system\Boot.php(68): CodeIgniter\Boot::runCodeIgniter(Object(CodeIgniter\CodeIgniter))
#9 C:\xampp\htdocs\Orbiz_Hive\index.php(59): CodeIgniter\Boot::bootWeb(Object(Config\Paths))
#10 {main}
CRITICAL - 2025-10-09 03:35:20 --> CodeIgniter\Database\Exceptions\DatabaseException: Unable to connect to the database.
Main connection [MySQLi]: Access denied for user ''@'localhost' (using password: NO)
[Method: GET, Route: admin/roles]
in SYSTEMPATH\Database\BaseConnection.php on line 465.
 1 SYSTEMPATH\Database\BaseConnection.php(614): CodeIgniter\Database\BaseConnection->initialize()
 2 APPPATH\Models\admin\RolesModel.php(14): CodeIgniter\Database\BaseConnection->query('SELECT * FROM roles WHERE role_Status <> 3')
 3 APPPATH\Controllers\admin\Roles.php(39): App\Models\Admin\RolesModel->getAllRoles()
 4 SYSTEMPATH\CodeIgniter.php(933): App\Controllers\admin\Roles->index()
 5 SYSTEMPATH\CodeIgniter.php(507): CodeIgniter\CodeIgniter->runController(Object(App\Controllers\admin\Roles))
 6 SYSTEMPATH\CodeIgniter.php(354): CodeIgniter\CodeIgniter->handleRequest(null, Object(Config\Cache), false)
 7 SYSTEMPATH\Boot.php(363): CodeIgniter\CodeIgniter->run()
 8 SYSTEMPATH\Boot.php(68): CodeIgniter\Boot::runCodeIgniter(Object(CodeIgniter\CodeIgniter))
 9 FCPATH\index.php(59): CodeIgniter\Boot::bootWeb(Object(Config\Paths))
ERROR - 2025-10-09 03:36:52 --> Error connecting to the database: mysqli_sql_exception: Access denied for user ''@'localhost' (using password: NO) in C:\xampp\htdocs\Orbiz_Hive\system\Database\MySQLi\Connection.php:201
Stack trace:
#0 C:\xampp\htdocs\Orbiz_Hive\system\Database\MySQLi\Connection.php(201): mysqli->real_connect('localhost', '', Object(SensitiveParameterValue), '', 3306, '', 0)
#1 C:\xampp\htdocs\Orbiz_Hive\system\Database\BaseConnection.php(419): CodeIgniter\Database\MySQLi\Connection->connect(false)
#2 C:\xampp\htdocs\Orbiz_Hive\system\Database\BaseConnection.php(614): CodeIgniter\Database\BaseConnection->initialize()
#3 C:\xampp\htdocs\Orbiz_Hive\app\Models\admin\RolesModel.php(14): CodeIgniter\Database\BaseConnection->query('SELECT * FROM r...')
#4 C:\xampp\htdocs\Orbiz_Hive\app\Controllers\admin\Roles.php(39): App\Models\Admin\RolesModel->getAllRoles()
#5 C:\xampp\htdocs\Orbiz_Hive\system\CodeIgniter.php(933): App\Controllers\admin\Roles->index()
#6 C:\xampp\htdocs\Orbiz_Hive\system\CodeIgniter.php(507): CodeIgniter\CodeIgniter->runController(Object(App\Controllers\admin\Roles))
#7 C:\xampp\htdocs\Orbiz_Hive\system\CodeIgniter.php(354): CodeIgniter\CodeIgniter->handleRequest(NULL, Object(Config\Cache), false)
#8 C:\xampp\htdocs\Orbiz_Hive\system\Boot.php(363): CodeIgniter\CodeIgniter->run()
#9 C:\xampp\htdocs\Orbiz_Hive\system\Boot.php(68): CodeIgniter\Boot::runCodeIgniter(Object(CodeIgniter\CodeIgniter))
#10 C:\xampp\htdocs\Orbiz_Hive\index.php(59): CodeIgniter\Boot::bootWeb(Object(Config\Paths))
#11 {main}

Next CodeIgniter\Database\Exceptions\DatabaseException: Access denied for user ''@'localhost' (using password: NO) in C:\xampp\htdocs\Orbiz_Hive\system\Database\MySQLi\Connection.php:246
Stack trace:
#0 C:\xampp\htdocs\Orbiz_Hive\system\Database\BaseConnection.php(419): CodeIgniter\Database\MySQLi\Connection->connect(false)
#1 C:\xampp\htdocs\Orbiz_Hive\system\Database\BaseConnection.php(614): CodeIgniter\Database\BaseConnection->initialize()
#2 C:\xampp\htdocs\Orbiz_Hive\app\Models\admin\RolesModel.php(14): CodeIgniter\Database\BaseConnection->query('SELECT * FROM r...')
#3 C:\xampp\htdocs\Orbiz_Hive\app\Controllers\admin\Roles.php(39): App\Models\Admin\RolesModel->getAllRoles()
#4 C:\xampp\htdocs\Orbiz_Hive\system\CodeIgniter.php(933): App\Controllers\admin\Roles->index()
#5 C:\xampp\htdocs\Orbiz_Hive\system\CodeIgniter.php(507): CodeIgniter\CodeIgniter->runController(Object(App\Controllers\admin\Roles))
#6 C:\xampp\htdocs\Orbiz_Hive\system\CodeIgniter.php(354): CodeIgniter\CodeIgniter->handleRequest(NULL, Object(Config\Cache), false)
#7 C:\xampp\htdocs\Orbiz_Hive\system\Boot.php(363): CodeIgniter\CodeIgniter->run()
#8 C:\xampp\htdocs\Orbiz_Hive\system\Boot.php(68): CodeIgniter\Boot::runCodeIgniter(Object(CodeIgniter\CodeIgniter))
#9 C:\xampp\htdocs\Orbiz_Hive\index.php(59): CodeIgniter\Boot::bootWeb(Object(Config\Paths))
#10 {main}
CRITICAL - 2025-10-09 03:36:52 --> CodeIgniter\Database\Exceptions\DatabaseException: Unable to connect to the database.
Main connection [MySQLi]: Access denied for user ''@'localhost' (using password: NO)
[Method: GET, Route: admin/roles]
in SYSTEMPATH\Database\BaseConnection.php on line 465.
 1 SYSTEMPATH\Database\BaseConnection.php(614): CodeIgniter\Database\BaseConnection->initialize()
 2 APPPATH\Models\admin\RolesModel.php(14): CodeIgniter\Database\BaseConnection->query('SELECT * FROM roles WHERE role_Status <> 3')
 3 APPPATH\Controllers\admin\Roles.php(39): App\Models\Admin\RolesModel->getAllRoles()
 4 SYSTEMPATH\CodeIgniter.php(933): App\Controllers\admin\Roles->index()
 5 SYSTEMPATH\CodeIgniter.php(507): CodeIgniter\CodeIgniter->runController(Object(App\Controllers\admin\Roles))
 6 SYSTEMPATH\CodeIgniter.php(354): CodeIgniter\CodeIgniter->handleRequest(null, Object(Config\Cache), false)
 7 SYSTEMPATH\Boot.php(363): CodeIgniter\CodeIgniter->run()
 8 SYSTEMPATH\Boot.php(68): CodeIgniter\Boot::runCodeIgniter(Object(CodeIgniter\CodeIgniter))
 9 FCPATH\index.php(59): CodeIgniter\Boot::bootWeb(Object(Config\Paths))
ERROR - 2025-10-09 03:37:38 --> Error connecting to the database: mysqli_sql_exception: Access denied for user ''@'localhost' (using password: NO) in C:\xampp\htdocs\Orbiz_Hive\system\Database\MySQLi\Connection.php:201
Stack trace:
#0 C:\xampp\htdocs\Orbiz_Hive\system\Database\MySQLi\Connection.php(201): mysqli->real_connect('localhost', '', Object(SensitiveParameterValue), '', 3306, '', 0)
#1 C:\xampp\htdocs\Orbiz_Hive\system\Database\BaseConnection.php(419): CodeIgniter\Database\MySQLi\Connection->connect(false)
#2 C:\xampp\htdocs\Orbiz_Hive\system\Database\BaseConnection.php(614): CodeIgniter\Database\BaseConnection->initialize()
#3 C:\xampp\htdocs\Orbiz_Hive\app\Models\admin\RolesModel.php(14): CodeIgniter\Database\BaseConnection->query('SELECT * FROM r...')
#4 C:\xampp\htdocs\Orbiz_Hive\app\Controllers\admin\Roles.php(40): App\Models\Admin\RolesModel->getAllRoles()
#5 C:\xampp\htdocs\Orbiz_Hive\system\CodeIgniter.php(933): App\Controllers\admin\Roles->index()
#6 C:\xampp\htdocs\Orbiz_Hive\system\CodeIgniter.php(507): CodeIgniter\CodeIgniter->runController(Object(App\Controllers\admin\Roles))
#7 C:\xampp\htdocs\Orbiz_Hive\system\CodeIgniter.php(354): CodeIgniter\CodeIgniter->handleRequest(NULL, Object(Config\Cache), false)
#8 C:\xampp\htdocs\Orbiz_Hive\system\Boot.php(363): CodeIgniter\CodeIgniter->run()
#9 C:\xampp\htdocs\Orbiz_Hive\system\Boot.php(68): CodeIgniter\Boot::runCodeIgniter(Object(CodeIgniter\CodeIgniter))
#10 C:\xampp\htdocs\Orbiz_Hive\index.php(59): CodeIgniter\Boot::bootWeb(Object(Config\Paths))
#11 {main}

Next CodeIgniter\Database\Exceptions\DatabaseException: Access denied for user ''@'localhost' (using password: NO) in C:\xampp\htdocs\Orbiz_Hive\system\Database\MySQLi\Connection.php:246
Stack trace:
#0 C:\xampp\htdocs\Orbiz_Hive\system\Database\BaseConnection.php(419): CodeIgniter\Database\MySQLi\Connection->connect(false)
#1 C:\xampp\htdocs\Orbiz_Hive\system\Database\BaseConnection.php(614): CodeIgniter\Database\BaseConnection->initialize()
#2 C:\xampp\htdocs\Orbiz_Hive\app\Models\admin\RolesModel.php(14): CodeIgniter\Database\BaseConnection->query('SELECT * FROM r...')
#3 C:\xampp\htdocs\Orbiz_Hive\app\Controllers\admin\Roles.php(40): App\Models\Admin\RolesModel->getAllRoles()
#4 C:\xampp\htdocs\Orbiz_Hive\system\CodeIgniter.php(933): App\Controllers\admin\Roles->index()
#5 C:\xampp\htdocs\Orbiz_Hive\system\CodeIgniter.php(507): CodeIgniter\CodeIgniter->runController(Object(App\Controllers\admin\Roles))
#6 C:\xampp\htdocs\Orbiz_Hive\system\CodeIgniter.php(354): CodeIgniter\CodeIgniter->handleRequest(NULL, Object(Config\Cache), false)
#7 C:\xampp\htdocs\Orbiz_Hive\system\Boot.php(363): CodeIgniter\CodeIgniter->run()
#8 C:\xampp\htdocs\Orbiz_Hive\system\Boot.php(68): CodeIgniter\Boot::runCodeIgniter(Object(CodeIgniter\CodeIgniter))
#9 C:\xampp\htdocs\Orbiz_Hive\index.php(59): CodeIgniter\Boot::bootWeb(Object(Config\Paths))
#10 {main}
CRITICAL - 2025-10-09 03:37:38 --> CodeIgniter\Database\Exceptions\DatabaseException: Unable to connect to the database.
Main connection [MySQLi]: Access denied for user ''@'localhost' (using password: NO)
[Method: GET, Route: admin/roles]
in SYSTEMPATH\Database\BaseConnection.php on line 465.
 1 SYSTEMPATH\Database\BaseConnection.php(614): CodeIgniter\Database\BaseConnection->initialize()
 2 APPPATH\Models\admin\RolesModel.php(14): CodeIgniter\Database\BaseConnection->query('SELECT * FROM roles WHERE role_Status <> 3')
 3 APPPATH\Controllers\admin\Roles.php(40): App\Models\Admin\RolesModel->getAllRoles()
 4 SYSTEMPATH\CodeIgniter.php(933): App\Controllers\admin\Roles->index()
 5 SYSTEMPATH\CodeIgniter.php(507): CodeIgniter\CodeIgniter->runController(Object(App\Controllers\admin\Roles))
 6 SYSTEMPATH\CodeIgniter.php(354): CodeIgniter\CodeIgniter->handleRequest(null, Object(Config\Cache), false)
 7 SYSTEMPATH\Boot.php(363): CodeIgniter\CodeIgniter->run()
 8 SYSTEMPATH\Boot.php(68): CodeIgniter\Boot::runCodeIgniter(Object(CodeIgniter\CodeIgniter))
 9 FCPATH\index.php(59): CodeIgniter\Boot::bootWeb(Object(Config\Paths))
ERROR - 2025-10-09 03:37:51 --> Error connecting to the database: mysqli_sql_exception: Access denied for user ''@'localhost' (using password: NO) in C:\xampp\htdocs\Orbiz_Hive\system\Database\MySQLi\Connection.php:201
Stack trace:
#0 C:\xampp\htdocs\Orbiz_Hive\system\Database\MySQLi\Connection.php(201): mysqli->real_connect('localhost', '', Object(SensitiveParameterValue), '', 3306, '', 0)
#1 C:\xampp\htdocs\Orbiz_Hive\system\Database\BaseConnection.php(419): CodeIgniter\Database\MySQLi\Connection->connect(false)
#2 C:\xampp\htdocs\Orbiz_Hive\system\Database\BaseConnection.php(614): CodeIgniter\Database\BaseConnection->initialize()
#3 C:\xampp\htdocs\Orbiz_Hive\app\Models\admin\RolesModel.php(14): CodeIgniter\Database\BaseConnection->query('SELECT * FROM r...')
#4 C:\xampp\htdocs\Orbiz_Hive\app\Controllers\admin\Roles.php(40): App\Models\Admin\RolesModel->getAllRoles()
#5 C:\xampp\htdocs\Orbiz_Hive\system\CodeIgniter.php(933): App\Controllers\admin\Roles->index()
#6 C:\xampp\htdocs\Orbiz_Hive\system\CodeIgniter.php(507): CodeIgniter\CodeIgniter->runController(Object(App\Controllers\admin\Roles))
#7 C:\xampp\htdocs\Orbiz_Hive\system\CodeIgniter.php(354): CodeIgniter\CodeIgniter->handleRequest(NULL, Object(Config\Cache), false)
#8 C:\xampp\htdocs\Orbiz_Hive\system\Boot.php(363): CodeIgniter\CodeIgniter->run()
#9 C:\xampp\htdocs\Orbiz_Hive\system\Boot.php(68): CodeIgniter\Boot::runCodeIgniter(Object(CodeIgniter\CodeIgniter))
#10 C:\xampp\htdocs\Orbiz_Hive\index.php(59): CodeIgniter\Boot::bootWeb(Object(Config\Paths))
#11 {main}

Next CodeIgniter\Database\Exceptions\DatabaseException: Access denied for user ''@'localhost' (using password: NO) in C:\xampp\htdocs\Orbiz_Hive\system\Database\MySQLi\Connection.php:246
Stack trace:
#0 C:\xampp\htdocs\Orbiz_Hive\system\Database\BaseConnection.php(419): CodeIgniter\Database\MySQLi\Connection->connect(false)
#1 C:\xampp\htdocs\Orbiz_Hive\system\Database\BaseConnection.php(614): CodeIgniter\Database\BaseConnection->initialize()
#2 C:\xampp\htdocs\Orbiz_Hive\app\Models\admin\RolesModel.php(14): CodeIgniter\Database\BaseConnection->query('SELECT * FROM r...')
#3 C:\xampp\htdocs\Orbiz_Hive\app\Controllers\admin\Roles.php(40): App\Models\Admin\RolesModel->getAllRoles()
#4 C:\xampp\htdocs\Orbiz_Hive\system\CodeIgniter.php(933): App\Controllers\admin\Roles->index()
#5 C:\xampp\htdocs\Orbiz_Hive\system\CodeIgniter.php(507): CodeIgniter\CodeIgniter->runController(Object(App\Controllers\admin\Roles))
#6 C:\xampp\htdocs\Orbiz_Hive\system\CodeIgniter.php(354): CodeIgniter\CodeIgniter->handleRequest(NULL, Object(Config\Cache), false)
#7 C:\xampp\htdocs\Orbiz_Hive\system\Boot.php(363): CodeIgniter\CodeIgniter->run()
#8 C:\xampp\htdocs\Orbiz_Hive\system\Boot.php(68): CodeIgniter\Boot::runCodeIgniter(Object(CodeIgniter\CodeIgniter))
#9 C:\xampp\htdocs\Orbiz_Hive\index.php(59): CodeIgniter\Boot::bootWeb(Object(Config\Paths))
#10 {main}
CRITICAL - 2025-10-09 03:37:51 --> CodeIgniter\Database\Exceptions\DatabaseException: Unable to connect to the database.
Main connection [MySQLi]: Access denied for user ''@'localhost' (using password: NO)
[Method: GET, Route: admin/roles]
in SYSTEMPATH\Database\BaseConnection.php on line 465.
 1 SYSTEMPATH\Database\BaseConnection.php(614): CodeIgniter\Database\BaseConnection->initialize()
 2 APPPATH\Models\admin\RolesModel.php(14): CodeIgniter\Database\BaseConnection->query('SELECT * FROM roles WHERE role_Status <> 3')
 3 APPPATH\Controllers\admin\Roles.php(40): App\Models\Admin\RolesModel->getAllRoles()
 4 SYSTEMPATH\CodeIgniter.php(933): App\Controllers\admin\Roles->index()
 5 SYSTEMPATH\CodeIgniter.php(507): CodeIgniter\CodeIgniter->runController(Object(App\Controllers\admin\Roles))
 6 SYSTEMPATH\CodeIgniter.php(354): CodeIgniter\CodeIgniter->handleRequest(null, Object(Config\Cache), false)
 7 SYSTEMPATH\Boot.php(363): CodeIgniter\CodeIgniter->run()
 8 SYSTEMPATH\Boot.php(68): CodeIgniter\Boot::runCodeIgniter(Object(CodeIgniter\CodeIgniter))
 9 FCPATH\index.php(59): CodeIgniter\Boot::bootWeb(Object(Config\Paths))
ERROR - 2025-10-09 03:38:35 --> Error connecting to the database: mysqli_sql_exception: Access denied for user ''@'localhost' (using password: NO) in C:\xampp\htdocs\Orbiz_Hive\system\Database\MySQLi\Connection.php:201
Stack trace:
#0 C:\xampp\htdocs\Orbiz_Hive\system\Database\MySQLi\Connection.php(201): mysqli->real_connect('localhost', '', Object(SensitiveParameterValue), '', 3306, '', 0)
#1 C:\xampp\htdocs\Orbiz_Hive\system\Database\BaseConnection.php(419): CodeIgniter\Database\MySQLi\Connection->connect(false)
#2 C:\xampp\htdocs\Orbiz_Hive\system\Database\BaseConnection.php(614): CodeIgniter\Database\BaseConnection->initialize()
#3 C:\xampp\htdocs\Orbiz_Hive\app\Models\admin\RolesModel.php(14): CodeIgniter\Database\BaseConnection->query('SELECT * FROM r...')
#4 C:\xampp\htdocs\Orbiz_Hive\app\Controllers\admin\Roles.php(40): App\Models\Admin\RolesModel->getAllRoles()
#5 C:\xampp\htdocs\Orbiz_Hive\system\CodeIgniter.php(933): App\Controllers\admin\Roles->index()
#6 C:\xampp\htdocs\Orbiz_Hive\system\CodeIgniter.php(507): CodeIgniter\CodeIgniter->runController(Object(App\Controllers\admin\Roles))
#7 C:\xampp\htdocs\Orbiz_Hive\system\CodeIgniter.php(354): CodeIgniter\CodeIgniter->handleRequest(NULL, Object(Config\Cache), false)
#8 C:\xampp\htdocs\Orbiz_Hive\system\Boot.php(363): CodeIgniter\CodeIgniter->run()
#9 C:\xampp\htdocs\Orbiz_Hive\system\Boot.php(68): CodeIgniter\Boot::runCodeIgniter(Object(CodeIgniter\CodeIgniter))
#10 C:\xampp\htdocs\Orbiz_Hive\index.php(59): CodeIgniter\Boot::bootWeb(Object(Config\Paths))
#11 {main}

Next CodeIgniter\Database\Exceptions\DatabaseException: Access denied for user ''@'localhost' (using password: NO) in C:\xampp\htdocs\Orbiz_Hive\system\Database\MySQLi\Connection.php:246
Stack trace:
#0 C:\xampp\htdocs\Orbiz_Hive\system\Database\BaseConnection.php(419): CodeIgniter\Database\MySQLi\Connection->connect(false)
#1 C:\xampp\htdocs\Orbiz_Hive\system\Database\BaseConnection.php(614): CodeIgniter\Database\BaseConnection->initialize()
#2 C:\xampp\htdocs\Orbiz_Hive\app\Models\admin\RolesModel.php(14): CodeIgniter\Database\BaseConnection->query('SELECT * FROM r...')
#3 C:\xampp\htdocs\Orbiz_Hive\app\Controllers\admin\Roles.php(40): App\Models\Admin\RolesModel->getAllRoles()
#4 C:\xampp\htdocs\Orbiz_Hive\system\CodeIgniter.php(933): App\Controllers\admin\Roles->index()
#5 C:\xampp\htdocs\Orbiz_Hive\system\CodeIgniter.php(507): CodeIgniter\CodeIgniter->runController(Object(App\Controllers\admin\Roles))
#6 C:\xampp\htdocs\Orbiz_Hive\system\CodeIgniter.php(354): CodeIgniter\CodeIgniter->handleRequest(NULL, Object(Config\Cache), false)
#7 C:\xampp\htdocs\Orbiz_Hive\system\Boot.php(363): CodeIgniter\CodeIgniter->run()
#8 C:\xampp\htdocs\Orbiz_Hive\system\Boot.php(68): CodeIgniter\Boot::runCodeIgniter(Object(CodeIgniter\CodeIgniter))
#9 C:\xampp\htdocs\Orbiz_Hive\index.php(59): CodeIgniter\Boot::bootWeb(Object(Config\Paths))
#10 {main}
CRITICAL - 2025-10-09 03:38:35 --> CodeIgniter\Database\Exceptions\DatabaseException: Unable to connect to the database.
Main connection [MySQLi]: Access denied for user ''@'localhost' (using password: NO)
[Method: GET, Route: admin/roles]
in SYSTEMPATH\Database\BaseConnection.php on line 465.
 1 SYSTEMPATH\Database\BaseConnection.php(614): CodeIgniter\Database\BaseConnection->initialize()
 2 APPPATH\Models\admin\RolesModel.php(14): CodeIgniter\Database\BaseConnection->query('SELECT * FROM roles WHERE role_Status <> 3')
 3 APPPATH\Controllers\admin\Roles.php(40): App\Models\Admin\RolesModel->getAllRoles()
 4 SYSTEMPATH\CodeIgniter.php(933): App\Controllers\admin\Roles->index()
 5 SYSTEMPATH\CodeIgniter.php(507): CodeIgniter\CodeIgniter->runController(Object(App\Controllers\admin\Roles))
 6 SYSTEMPATH\CodeIgniter.php(354): CodeIgniter\CodeIgniter->handleRequest(null, Object(Config\Cache), false)
 7 SYSTEMPATH\Boot.php(363): CodeIgniter\CodeIgniter->run()
 8 SYSTEMPATH\Boot.php(68): CodeIgniter\Boot::runCodeIgniter(Object(CodeIgniter\CodeIgniter))
 9 FCPATH\index.php(59): CodeIgniter\Boot::bootWeb(Object(Config\Paths))
ERROR - 2025-10-09 03:40:32 --> Error connecting to the database: mysqli_sql_exception: Access denied for user ''@'localhost' (using password: NO) in C:\xampp\htdocs\Orbiz_Hive\system\Database\MySQLi\Connection.php:201
Stack trace:
#0 C:\xampp\htdocs\Orbiz_Hive\system\Database\MySQLi\Connection.php(201): mysqli->real_connect('localhost', '', Object(SensitiveParameterValue), '', 3306, '', 0)
#1 C:\xampp\htdocs\Orbiz_Hive\system\Database\BaseConnection.php(419): CodeIgniter\Database\MySQLi\Connection->connect(false)
#2 C:\xampp\htdocs\Orbiz_Hive\system\Database\BaseConnection.php(614): CodeIgniter\Database\BaseConnection->initialize()
#3 C:\xampp\htdocs\Orbiz_Hive\app\Models\admin\RolesModel.php(14): CodeIgniter\Database\BaseConnection->query('SELECT * FROM r...')
#4 C:\xampp\htdocs\Orbiz_Hive\app\Controllers\admin\Roles.php(40): App\Models\Admin\RolesModel->getAllRoles()
#5 C:\xampp\htdocs\Orbiz_Hive\system\CodeIgniter.php(933): App\Controllers\admin\Roles->index()
#6 C:\xampp\htdocs\Orbiz_Hive\system\CodeIgniter.php(507): CodeIgniter\CodeIgniter->runController(Object(App\Controllers\admin\Roles))
#7 C:\xampp\htdocs\Orbiz_Hive\system\CodeIgniter.php(354): CodeIgniter\CodeIgniter->handleRequest(NULL, Object(Config\Cache), false)
#8 C:\xampp\htdocs\Orbiz_Hive\system\Boot.php(363): CodeIgniter\CodeIgniter->run()
#9 C:\xampp\htdocs\Orbiz_Hive\system\Boot.php(68): CodeIgniter\Boot::runCodeIgniter(Object(CodeIgniter\CodeIgniter))
#10 C:\xampp\htdocs\Orbiz_Hive\index.php(59): CodeIgniter\Boot::bootWeb(Object(Config\Paths))
#11 {main}

Next CodeIgniter\Database\Exceptions\DatabaseException: Access denied for user ''@'localhost' (using password: NO) in C:\xampp\htdocs\Orbiz_Hive\system\Database\MySQLi\Connection.php:246
Stack trace:
#0 C:\xampp\htdocs\Orbiz_Hive\system\Database\BaseConnection.php(419): CodeIgniter\Database\MySQLi\Connection->connect(false)
#1 C:\xampp\htdocs\Orbiz_Hive\system\Database\BaseConnection.php(614): CodeIgniter\Database\BaseConnection->initialize()
#2 C:\xampp\htdocs\Orbiz_Hive\app\Models\admin\RolesModel.php(14): CodeIgniter\Database\BaseConnection->query('SELECT * FROM r...')
#3 C:\xampp\htdocs\Orbiz_Hive\app\Controllers\admin\Roles.php(40): App\Models\Admin\RolesModel->getAllRoles()
#4 C:\xampp\htdocs\Orbiz_Hive\system\CodeIgniter.php(933): App\Controllers\admin\Roles->index()
#5 C:\xampp\htdocs\Orbiz_Hive\system\CodeIgniter.php(507): CodeIgniter\CodeIgniter->runController(Object(App\Controllers\admin\Roles))
#6 C:\xampp\htdocs\Orbiz_Hive\system\CodeIgniter.php(354): CodeIgniter\CodeIgniter->handleRequest(NULL, Object(Config\Cache), false)
#7 C:\xampp\htdocs\Orbiz_Hive\system\Boot.php(363): CodeIgniter\CodeIgniter->run()
#8 C:\xampp\htdocs\Orbiz_Hive\system\Boot.php(68): CodeIgniter\Boot::runCodeIgniter(Object(CodeIgniter\CodeIgniter))
#9 C:\xampp\htdocs\Orbiz_Hive\index.php(59): CodeIgniter\Boot::bootWeb(Object(Config\Paths))
#10 {main}
CRITICAL - 2025-10-09 03:40:32 --> CodeIgniter\Database\Exceptions\DatabaseException: Unable to connect to the database.
Main connection [MySQLi]: Access denied for user ''@'localhost' (using password: NO)
[Method: GET, Route: admin/roles]
in SYSTEMPATH\Database\BaseConnection.php on line 465.
 1 SYSTEMPATH\Database\BaseConnection.php(614): CodeIgniter\Database\BaseConnection->initialize()
 2 APPPATH\Models\admin\RolesModel.php(14): CodeIgniter\Database\BaseConnection->query('SELECT * FROM roles WHERE role_Status <> 3')
 3 APPPATH\Controllers\admin\Roles.php(40): App\Models\Admin\RolesModel->getAllRoles()
 4 SYSTEMPATH\CodeIgniter.php(933): App\Controllers\admin\Roles->index()
 5 SYSTEMPATH\CodeIgniter.php(507): CodeIgniter\CodeIgniter->runController(Object(App\Controllers\admin\Roles))
 6 SYSTEMPATH\CodeIgniter.php(354): CodeIgniter\CodeIgniter->handleRequest(null, Object(Config\Cache), false)
 7 SYSTEMPATH\Boot.php(363): CodeIgniter\CodeIgniter->run()
 8 SYSTEMPATH\Boot.php(68): CodeIgniter\Boot::runCodeIgniter(Object(CodeIgniter\CodeIgniter))
 9 FCPATH\index.php(59): CodeIgniter\Boot::bootWeb(Object(Config\Paths))
ERROR - 2025-10-09 03:43:03 --> Error connecting to the database: mysqli_sql_exception: Access denied for user ''@'localhost' (using password: NO) in C:\xampp\htdocs\Orbiz_Hive\system\Database\MySQLi\Connection.php:201
Stack trace:
#0 C:\xampp\htdocs\Orbiz_Hive\system\Database\MySQLi\Connection.php(201): mysqli->real_connect('localhost', '', Object(SensitiveParameterValue), '', 3306, '', 0)
#1 C:\xampp\htdocs\Orbiz_Hive\system\Database\BaseConnection.php(419): CodeIgniter\Database\MySQLi\Connection->connect(false)
#2 C:\xampp\htdocs\Orbiz_Hive\system\Database\BaseConnection.php(614): CodeIgniter\Database\BaseConnection->initialize()
#3 C:\xampp\htdocs\Orbiz_Hive\app\Models\admin\RolesModel.php(14): CodeIgniter\Database\BaseConnection->query('SELECT * FROM r...')
#4 C:\xampp\htdocs\Orbiz_Hive\app\Controllers\admin\Roles.php(40): App\Models\Admin\RolesModel->getAllRoles()
#5 C:\xampp\htdocs\Orbiz_Hive\system\CodeIgniter.php(933): App\Controllers\admin\Roles->index()
#6 C:\xampp\htdocs\Orbiz_Hive\system\CodeIgniter.php(507): CodeIgniter\CodeIgniter->runController(Object(App\Controllers\admin\Roles))
#7 C:\xampp\htdocs\Orbiz_Hive\system\CodeIgniter.php(354): CodeIgniter\CodeIgniter->handleRequest(NULL, Object(Config\Cache), false)
#8 C:\xampp\htdocs\Orbiz_Hive\system\Boot.php(363): CodeIgniter\CodeIgniter->run()
#9 C:\xampp\htdocs\Orbiz_Hive\system\Boot.php(68): CodeIgniter\Boot::runCodeIgniter(Object(CodeIgniter\CodeIgniter))
#10 C:\xampp\htdocs\Orbiz_Hive\index.php(59): CodeIgniter\Boot::bootWeb(Object(Config\Paths))
#11 {main}

Next CodeIgniter\Database\Exceptions\DatabaseException: Access denied for user ''@'localhost' (using password: NO) in C:\xampp\htdocs\Orbiz_Hive\system\Database\MySQLi\Connection.php:246
Stack trace:
#0 C:\xampp\htdocs\Orbiz_Hive\system\Database\BaseConnection.php(419): CodeIgniter\Database\MySQLi\Connection->connect(false)
#1 C:\xampp\htdocs\Orbiz_Hive\system\Database\BaseConnection.php(614): CodeIgniter\Database\BaseConnection->initialize()
#2 C:\xampp\htdocs\Orbiz_Hive\app\Models\admin\RolesModel.php(14): CodeIgniter\Database\BaseConnection->query('SELECT * FROM r...')
#3 C:\xampp\htdocs\Orbiz_Hive\app\Controllers\admin\Roles.php(40): App\Models\Admin\RolesModel->getAllRoles()
#4 C:\xampp\htdocs\Orbiz_Hive\system\CodeIgniter.php(933): App\Controllers\admin\Roles->index()
#5 C:\xampp\htdocs\Orbiz_Hive\system\CodeIgniter.php(507): CodeIgniter\CodeIgniter->runController(Object(App\Controllers\admin\Roles))
#6 C:\xampp\htdocs\Orbiz_Hive\system\CodeIgniter.php(354): CodeIgniter\CodeIgniter->handleRequest(NULL, Object(Config\Cache), false)
#7 C:\xampp\htdocs\Orbiz_Hive\system\Boot.php(363): CodeIgniter\CodeIgniter->run()
#8 C:\xampp\htdocs\Orbiz_Hive\system\Boot.php(68): CodeIgniter\Boot::runCodeIgniter(Object(CodeIgniter\CodeIgniter))
#9 C:\xampp\htdocs\Orbiz_Hive\index.php(59): CodeIgniter\Boot::bootWeb(Object(Config\Paths))
#10 {main}
CRITICAL - 2025-10-09 03:43:03 --> CodeIgniter\Database\Exceptions\DatabaseException: Unable to connect to the database.
Main connection [MySQLi]: Access denied for user ''@'localhost' (using password: NO)
[Method: GET, Route: admin/roles]
in SYSTEMPATH\Database\BaseConnection.php on line 465.
 1 SYSTEMPATH\Database\BaseConnection.php(614): CodeIgniter\Database\BaseConnection->initialize()
 2 APPPATH\Models\admin\RolesModel.php(14): CodeIgniter\Database\BaseConnection->query('SELECT * FROM roles WHERE role_Status <> 3')
 3 APPPATH\Controllers\admin\Roles.php(40): App\Models\Admin\RolesModel->getAllRoles()
 4 SYSTEMPATH\CodeIgniter.php(933): App\Controllers\admin\Roles->index()
 5 SYSTEMPATH\CodeIgniter.php(507): CodeIgniter\CodeIgniter->runController(Object(App\Controllers\admin\Roles))
 6 SYSTEMPATH\CodeIgniter.php(354): CodeIgniter\CodeIgniter->handleRequest(null, Object(Config\Cache), false)
 7 SYSTEMPATH\Boot.php(363): CodeIgniter\CodeIgniter->run()
 8 SYSTEMPATH\Boot.php(68): CodeIgniter\Boot::runCodeIgniter(Object(CodeIgniter\CodeIgniter))
 9 FCPATH\index.php(59): CodeIgniter\Boot::bootWeb(Object(Config\Paths))
CRITICAL - 2025-10-09 03:48:07 --> ErrorException: Namespace declaration statement has to be the very first statement or after any declare call in the script
[Method: GET, Route: admin/roles]
in APPPATH\Controllers\admin\Roles.php on line 4.
 1 [internal function]: CodeIgniter\Debug\Exceptions->shutdownHandler()
CRITICAL - 2025-10-09 03:48:13 --> ErrorException: Namespace declaration statement has to be the very first statement or after any declare call in the script
[Method: GET, Route: admin/roles]
in APPPATH\Controllers\admin\Roles.php on line 4.
 1 [internal function]: CodeIgniter\Debug\Exceptions->shutdownHandler()
CRITICAL - 2025-10-09 03:48:14 --> ErrorException: Namespace declaration statement has to be the very first statement or after any declare call in the script
[Method: GET, Route: admin/roles]
in APPPATH\Controllers\admin\Roles.php on line 4.
 1 [internal function]: CodeIgniter\Debug\Exceptions->shutdownHandler()
CRITICAL - 2025-10-09 03:48:14 --> ErrorException: Namespace declaration statement has to be the very first statement or after any declare call in the script
[Method: GET, Route: admin/roles]
in APPPATH\Controllers\admin\Roles.php on line 4.
 1 [internal function]: CodeIgniter\Debug\Exceptions->shutdownHandler()
CRITICAL - 2025-10-09 03:48:14 --> ErrorException: Namespace declaration statement has to be the very first statement or after any declare call in the script
[Method: GET, Route: admin/roles]
in APPPATH\Controllers\admin\Roles.php on line 4.
 1 [internal function]: CodeIgniter\Debug\Exceptions->shutdownHandler()
ERROR - 2025-10-09 03:49:13 --> Error connecting to the database: mysqli_sql_exception: Access denied for user ''@'localhost' (using password: NO) in C:\xampp\htdocs\Orbiz_Hive\system\Database\MySQLi\Connection.php:201
Stack trace:
#0 C:\xampp\htdocs\Orbiz_Hive\system\Database\MySQLi\Connection.php(201): mysqli->real_connect('localhost', '', Object(SensitiveParameterValue), '', 3306, '', 0)
#1 C:\xampp\htdocs\Orbiz_Hive\system\Database\BaseConnection.php(419): CodeIgniter\Database\MySQLi\Connection->connect(false)
#2 C:\xampp\htdocs\Orbiz_Hive\system\Database\BaseConnection.php(614): CodeIgniter\Database\BaseConnection->initialize()
#3 C:\xampp\htdocs\Orbiz_Hive\app\Models\admin\RolesModel.php(14): CodeIgniter\Database\BaseConnection->query('SELECT * FROM r...')
#4 C:\xampp\htdocs\Orbiz_Hive\app\Controllers\admin\Roles.php(42): App\Models\Admin\RolesModel->getAllRoles()
#5 C:\xampp\htdocs\Orbiz_Hive\system\CodeIgniter.php(933): App\Controllers\admin\Roles->index()
#6 C:\xampp\htdocs\Orbiz_Hive\system\CodeIgniter.php(507): CodeIgniter\CodeIgniter->runController(Object(App\Controllers\admin\Roles))
#7 C:\xampp\htdocs\Orbiz_Hive\system\CodeIgniter.php(354): CodeIgniter\CodeIgniter->handleRequest(NULL, Object(Config\Cache), false)
#8 C:\xampp\htdocs\Orbiz_Hive\system\Boot.php(363): CodeIgniter\CodeIgniter->run()
#9 C:\xampp\htdocs\Orbiz_Hive\system\Boot.php(68): CodeIgniter\Boot::runCodeIgniter(Object(CodeIgniter\CodeIgniter))
#10 C:\xampp\htdocs\Orbiz_Hive\index.php(59): CodeIgniter\Boot::bootWeb(Object(Config\Paths))
#11 {main}

Next CodeIgniter\Database\Exceptions\DatabaseException: Access denied for user ''@'localhost' (using password: NO) in C:\xampp\htdocs\Orbiz_Hive\system\Database\MySQLi\Connection.php:246
Stack trace:
#0 C:\xampp\htdocs\Orbiz_Hive\system\Database\BaseConnection.php(419): CodeIgniter\Database\MySQLi\Connection->connect(false)
#1 C:\xampp\htdocs\Orbiz_Hive\system\Database\BaseConnection.php(614): CodeIgniter\Database\BaseConnection->initialize()
#2 C:\xampp\htdocs\Orbiz_Hive\app\Models\admin\RolesModel.php(14): CodeIgniter\Database\BaseConnection->query('SELECT * FROM r...')
#3 C:\xampp\htdocs\Orbiz_Hive\app\Controllers\admin\Roles.php(42): App\Models\Admin\RolesModel->getAllRoles()
#4 C:\xampp\htdocs\Orbiz_Hive\system\CodeIgniter.php(933): App\Controllers\admin\Roles->index()
#5 C:\xampp\htdocs\Orbiz_Hive\system\CodeIgniter.php(507): CodeIgniter\CodeIgniter->runController(Object(App\Controllers\admin\Roles))
#6 C:\xampp\htdocs\Orbiz_Hive\system\CodeIgniter.php(354): CodeIgniter\CodeIgniter->handleRequest(NULL, Object(Config\Cache), false)
#7 C:\xampp\htdocs\Orbiz_Hive\system\Boot.php(363): CodeIgniter\CodeIgniter->run()
#8 C:\xampp\htdocs\Orbiz_Hive\system\Boot.php(68): CodeIgniter\Boot::runCodeIgniter(Object(CodeIgniter\CodeIgniter))
#9 C:\xampp\htdocs\Orbiz_Hive\index.php(59): CodeIgniter\Boot::bootWeb(Object(Config\Paths))
#10 {main}
CRITICAL - 2025-10-09 03:49:13 --> CodeIgniter\Database\Exceptions\DatabaseException: Unable to connect to the database.
Main connection [MySQLi]: Access denied for user ''@'localhost' (using password: NO)
[Method: GET, Route: admin/roles]
in SYSTEMPATH\Database\BaseConnection.php on line 465.
 1 SYSTEMPATH\Database\BaseConnection.php(614): CodeIgniter\Database\BaseConnection->initialize()
 2 APPPATH\Models\admin\RolesModel.php(14): CodeIgniter\Database\BaseConnection->query('SELECT * FROM roles WHERE role_Status <> 3')
 3 APPPATH\Controllers\admin\Roles.php(42): App\Models\Admin\RolesModel->getAllRoles()
 4 SYSTEMPATH\CodeIgniter.php(933): App\Controllers\admin\Roles->index()
 5 SYSTEMPATH\CodeIgniter.php(507): CodeIgniter\CodeIgniter->runController(Object(App\Controllers\admin\Roles))
 6 SYSTEMPATH\CodeIgniter.php(354): CodeIgniter\CodeIgniter->handleRequest(null, Object(Config\Cache), false)
 7 SYSTEMPATH\Boot.php(363): CodeIgniter\CodeIgniter->run()
 8 SYSTEMPATH\Boot.php(68): CodeIgniter\Boot::runCodeIgniter(Object(CodeIgniter\CodeIgniter))
 9 FCPATH\index.php(59): CodeIgniter\Boot::bootWeb(Object(Config\Paths))
CRITICAL - 2025-10-09 03:51:19 --> CodeIgniter\View\Exceptions\ViewException: Invalid file: "admin/page_scripts/rolesjs.php"
[Method: GET, Route: admin/roles]
in SYSTEMPATH\Exceptions\FrameworkException.php on line 39.
 1 SYSTEMPATH\View\View.php(214): CodeIgniter\Exceptions\FrameworkException::forInvalidFile('admin/page_scripts/rolesjs.php')
 2 SYSTEMPATH\Common.php(1167): CodeIgniter\View\View->render('admin/page_scripts/rolesjs', [], true)
 3 APPPATH\Controllers\admin\Roles.php(50): view('admin/page_scripts/rolesjs')
 4 SYSTEMPATH\CodeIgniter.php(933): App\Controllers\admin\Roles->index()
 5 SYSTEMPATH\CodeIgniter.php(507): CodeIgniter\CodeIgniter->runController(Object(App\Controllers\admin\Roles))
 6 SYSTEMPATH\CodeIgniter.php(354): CodeIgniter\CodeIgniter->handleRequest(null, Object(Config\Cache), false)
 7 SYSTEMPATH\Boot.php(363): CodeIgniter\CodeIgniter->run()
 8 SYSTEMPATH\Boot.php(68): CodeIgniter\Boot::runCodeIgniter(Object(CodeIgniter\CodeIgniter))
 9 FCPATH\index.php(59): CodeIgniter\Boot::bootWeb(Object(Config\Paths))
CRITICAL - 2025-10-09 05:16:15 --> ErrorException: Undefined variable $roleId
[Method: POST, Route: admin/roles/status]
in APPPATH\Models\admin\RolesModel.php on line 31.
 1 APPPATH\Models\admin\RolesModel.php(31): CodeIgniter\Debug\Exceptions->errorHandler(2, 'Undefined variable $roleId', 'C:\\xampp\\htdocs\\Orbiz_Hive\\app\\Models\\admin\\RolesModel.php', 31)
 2 APPPATH\Controllers\admin\Roles.php(146): App\Models\Admin\RolesModel->getRolesByid('1')
 3 SYSTEMPATH\CodeIgniter.php(933): App\Controllers\admin\Roles->changeStatus()
 4 SYSTEMPATH\CodeIgniter.php(507): CodeIgniter\CodeIgniter->runController(Object(App\Controllers\admin\Roles))
 5 SYSTEMPATH\CodeIgniter.php(354): CodeIgniter\CodeIgniter->handleRequest(null, Object(Config\Cache), false)
 6 SYSTEMPATH\Boot.php(363): CodeIgniter\CodeIgniter->run()
 7 SYSTEMPATH\Boot.php(68): CodeIgniter\Boot::runCodeIgniter(Object(CodeIgniter\CodeIgniter))
 8 FCPATH\index.php(59): CodeIgniter\Boot::bootWeb(Object(Config\Paths))
